2026-01-31 09:06:37 [ERROR] ERROR req.csrfToken is not a function
{
  "context": {
    "context": "server_error",
    "ip": "::1",
    "url": "/api/csrf-token"
  },
  "userId": null
}
2026-01-31 09:06:37 [ERROR] ERROR req.csrfToken is not a function
{
  "context": {
    "context": "server_error",
    "ip": "::1",
    "url": "/api/csrf-token"
  },
  "userId": null
}
2026-01-31 09:06:37 [ERROR] ERROR req.csrfToken is not a function
{
  "context": {
    "context": "server_error",
    "ip": "::1",
    "url": "/api/csrf-token"
  },
  "userId": null
}
2026-01-31 09:06:38 [ERROR] ERROR req.csrfToken is not a function
{
  "context": {
    "context": "server_error",
    "ip": "::1",
    "url": "/api/csrf-token"
  },
  "userId": null
}
2026-01-31 09:06:38 [ERROR] ERROR req.csrfToken is not a function
{
  "context": {
    "context": "server_error",
    "ip": "::1",
    "url": "/api/csrf-token"
  },
  "userId": null
}
2026-01-31 09:06:38 [ERROR] ERROR req.csrfToken is not a function
{
  "context": {
    "context": "server_error",
    "ip": "::1",
    "url": "/api/csrf-token"
  },
  "userId": null
}
2026-01-31 09:06:38 [ERROR] ERROR req.csrfToken is not a function
{
  "context": {
    "context": "server_error",
    "ip": "::1",
    "url": "/api/csrf-token"
  },
  "userId": null
}
2026-01-31 09:06:38 [ERROR] ERROR req.csrfToken is not a function
{
  "context": {
    "context": "server_error",
    "ip": "::1",
    "url": "/api/csrf-token"
  },
  "userId": null
}
2026-01-31 09:06:39 [ERROR] ERROR req.csrfToken is not a function
{
  "context": {
    "context": "server_error",
    "ip": "::1",
    "url": "/api/csrf-token"
  },
  "userId": null
}
2026-01-31 09:06:40 [ERROR] ERROR req.csrfToken is not a function
{
  "context": {
    "context": "server_error",
    "ip": "::1",
    "url": "/api/csrf-token"
  },
  "userId": null
}
2026-01-31 09:06:41 [ERROR] ERROR req.csrfToken is not a function
{
  "context": {
    "context": "server_error",
    "ip": "::1",
    "url": "/api/csrf-token"
  },
  "userId": null
}
2026-01-31 09:06:41 [ERROR] ERROR req.csrfToken is not a function
{
  "context": {
    "context": "server_error",
    "ip": "::1",
    "url": "/api/csrf-token"
  },
  "userId": null
}
2026-01-31 09:06:41 [ERROR] ERROR req.csrfToken is not a function
{
  "context": {
    "context": "server_error",
    "ip": "::1",
    "url": "/api/csrf-token"
  },
  "userId": null
}
2026-01-31 09:07:38 [ERROR] ERROR req.csrfToken is not a function
{
  "context": {
    "context": "server_error",
    "ip": "::1",
    "url": "/api/csrf-token"
  },
  "userId": null
}
2026-01-31 09:07:38 [ERROR] ERROR req.csrfToken is not a function
{
  "context": {
    "context": "server_error",
    "ip": "::1",
    "url": "/api/csrf-token"
  },
  "userId": null
}
2026-01-31 09:07:39 [ERROR] ERROR req.csrfToken is not a function
{
  "context": {
    "context": "server_error",
    "ip": "::1",
    "url": "/api/csrf-token"
  },
  "userId": null
}
2026-01-31 09:07:40 [ERROR] ERROR req.csrfToken is not a function
{
  "context": {
    "context": "server_error",
    "ip": "::1",
    "url": "/api/csrf-token"
  },
  "userId": null
}
2026-01-31 09:07:40 [ERROR] ERROR req.csrfToken is not a function
{
  "context": {
    "context": "server_error",
    "ip": "::1",
    "url": "/api/csrf-token"
  },
  "userId": null
}
2026-01-31 09:07:41 [ERROR] ERROR req.csrfToken is not a function
{
  "context": {
    "context": "server_error",
    "ip": "::1",
    "url": "/api/csrf-token"
  },
  "userId": null
}
2026-01-31 09:08:38 [ERROR] ERROR req.csrfToken is not a function
{
  "context": {
    "context": "server_error",
    "ip": "::1",
    "url": "/api/csrf-token"
  },
  "userId": null
}
2026-01-31 09:08:38 [ERROR] ERROR req.csrfToken is not a function
{
  "context": {
    "context": "server_error",
    "ip": "::1",
    "url": "/api/csrf-token"
  },
  "userId": null
}
2026-01-31 09:08:39 [ERROR] ERROR req.csrfToken is not a function
{
  "context": {
    "context": "server_error",
    "ip": "::1",
    "url": "/api/csrf-token"
  },
  "userId": null
}
2026-01-31 09:08:43 [ERROR] ERROR req.csrfToken is not a function
{
  "context": {
    "context": "server_error",
    "ip": "::ffff:127.0.0.1",
    "url": "/api/csrf-token"
  },
  "userId": null
}
2026-01-31 09:09:30 [ERROR] ERROR req.csrfToken is not a function
{
  "context": {
    "context": "server_error",
    "ip": "::1",
    "url": "/api/csrf-token"
  },
  "userId": null
}
2026-01-31 09:09:30 [ERROR] ERROR req.csrfToken is not a function
{
  "context": {
    "context": "server_error",
    "ip": "::1",
    "url": "/api/csrf-token"
  },
  "userId": null
}
2026-01-31 09:09:30 [ERROR] ERROR req.csrfToken is not a function
{
  "context": {
    "context": "server_error",
    "ip": "::1",
    "url": "/api/csrf-token"
  },
  "userId": null
}
2026-01-31 09:09:31 [ERROR] ERROR req.csrfToken is not a function
{
  "context": {
    "context": "server_error",
    "ip": "::1",
    "url": "/api/csrf-token"
  },
  "userId": null
}
2026-01-31 09:09:31 [ERROR] ERROR req.csrfToken is not a function
{
  "context": {
    "context": "server_error",
    "ip": "::1",
    "url": "/api/csrf-token"
  },
  "userId": null
}
2026-01-31 09:09:32 [ERROR] ERROR req.csrfToken is not a function
{
  "context": {
    "context": "server_error",
    "ip": "::1",
    "url": "/api/csrf-token"
  },
  "userId": null
}
2026-01-31 09:09:32 [ERROR] ERROR req.csrfToken is not a function
{
  "context": {
    "context": "server_error",
    "ip": "::1",
    "url": "/api/csrf-token"
  },
  "userId": null
}
2026-01-31 09:09:32 [ERROR] ERROR req.csrfToken is not a function
{
  "context": {
    "context": "server_error",
    "ip": "::1",
    "url": "/api/csrf-token"
  },
  "userId": null
}
2026-01-31 09:09:32 [ERROR] ERROR req.csrfToken is not a function
{
  "context": {
    "context": "server_error",
    "ip": "::1",
    "url": "/api/csrf-token"
  },
  "userId": null
}
2026-01-31 09:09:33 [ERROR] ERROR req.csrfToken is not a function
{
  "context": {
    "context": "server_error",
    "ip": "::1",
    "url": "/api/csrf-token"
  },
  "userId": null
}
2026-01-31 09:09:34 [ERROR] ERROR req.csrfToken is not a function
{
  "context": {
    "context": "server_error",
    "ip": "::1",
    "url": "/api/csrf-token"
  },
  "userId": null
}
2026-01-31 09:09:34 [ERROR] ERROR req.csrfToken is not a function
{
  "context": {
    "context": "server_error",
    "ip": "::1",
    "url": "/api/csrf-token"
  },
  "userId": null
}
2026-01-31 09:09:34 [ERROR] ERROR req.csrfToken is not a function
{
  "context": {
    "context": "server_error",
    "ip": "::1",
    "url": "/api/csrf-token"
  },
  "userId": null
}
2026-01-31 09:10:50 [ERROR] ERROR req.csrfToken is not a function
{
  "context": {
    "context": "server_error",
    "ip": "::1",
    "url": "/api/csrf-token"
  },
  "userId": null
}
2026-01-31 09:10:50 [ERROR] ERROR req.csrfToken is not a function
{
  "context": {
    "context": "server_error",
    "ip": "::1",
    "url": "/api/csrf-token"
  },
  "userId": null
}
2026-01-31 09:10:50 [ERROR] ERROR req.csrfToken is not a function
{
  "context": {
    "context": "server_error",
    "ip": "::1",
    "url": "/api/csrf-token"
  },
  "userId": null
}
2026-01-31 09:10:50 [ERROR] ERROR req.csrfToken is not a function
{
  "context": {
    "context": "server_error",
    "ip": "::1",
    "url": "/api/csrf-token"
  },
  "userId": null
}
2026-01-31 09:10:50 [ERROR] ERROR req.csrfToken is not a function
{
  "context": {
    "context": "server_error",
    "ip": "::1",
    "url": "/api/csrf-token"
  },
  "userId": null
}
2026-01-31 09:10:51 [ERROR] ERROR req.csrfToken is not a function
{
  "context": {
    "context": "server_error",
    "ip": "::1",
    "url": "/api/csrf-token"
  },
  "userId": null
}
2026-01-31 09:10:51 [ERROR] ERROR req.csrfToken is not a function
{
  "context": {
    "context": "server_error",
    "ip": "::1",
    "url": "/api/csrf-token"
  },
  "userId": null
}
2026-01-31 09:10:51 [ERROR] ERROR req.csrfToken is not a function
{
  "context": {
    "context": "server_error",
    "ip": "::1",
    "url": "/api/csrf-token"
  },
  "userId": null
}
2026-01-31 09:10:52 [ERROR] ERROR req.csrfToken is not a function
{
  "context": {
    "context": "server_error",
    "ip": "::1",
    "url": "/api/csrf-token"
  },
  "userId": null
}
2026-01-31 09:10:52 [ERROR] ERROR req.csrfToken is not a function
{
  "context": {
    "context": "server_error",
    "ip": "::1",
    "url": "/api/csrf-token"
  },
  "userId": null
}
2026-01-31 09:10:53 [ERROR] ERROR req.csrfToken is not a function
{
  "context": {
    "context": "server_error",
    "ip": "::1",
    "url": "/api/csrf-token"
  },
  "userId": null
}
2026-01-31 09:10:54 [ERROR] ERROR req.csrfToken is not a function
{
  "context": {
    "context": "server_error",
    "ip": "::1",
    "url": "/api/csrf-token"
  },
  "userId": null
}
2026-01-31 09:10:54 [ERROR] ERROR req.csrfToken is not a function
{
  "context": {
    "context": "server_error",
    "ip": "::1",
    "url": "/api/csrf-token"
  },
  "userId": null
}
2026-01-31 09:14:27 [ERROR] ERROR req.csrfToken is not a function
{
  "context": {
    "context": "server_error",
    "ip": "::1",
    "url": "/api/csrf-token"
  },
  "userId": null
}
2026-01-31 09:14:27 [ERROR] ERROR req.csrfToken is not a function
{
  "context": {
    "context": "server_error",
    "ip": "::1",
    "url": "/api/csrf-token"
  },
  "userId": null
}
2026-01-31 09:14:28 [ERROR] ERROR req.csrfToken is not a function
{
  "context": {
    "context": "server_error",
    "ip": "::1",
    "url": "/api/csrf-token"
  },
  "userId": null
}
2026-01-31 09:14:28 [ERROR] ERROR req.csrfToken is not a function
{
  "context": {
    "context": "server_error",
    "ip": "::1",
    "url": "/api/csrf-token"
  },
  "userId": null
}
2026-01-31 09:14:28 [ERROR] ERROR req.csrfToken is not a function
{
  "context": {
    "context": "server_error",
    "ip": "::1",
    "url": "/api/csrf-token"
  },
  "userId": null
}
2026-01-31 09:14:29 [ERROR] ERROR req.csrfToken is not a function
{
  "context": {
    "context": "server_error",
    "ip": "::1",
    "url": "/api/csrf-token"
  },
  "userId": null
}
2026-01-31 09:14:29 [ERROR] ERROR req.csrfToken is not a function
{
  "context": {
    "context": "server_error",
    "ip": "::1",
    "url": "/api/csrf-token"
  },
  "userId": null
}
2026-01-31 09:14:29 [ERROR] ERROR req.csrfToken is not a function
{
  "context": {
    "context": "server_error",
    "ip": "::1",
    "url": "/api/csrf-token"
  },
  "userId": null
}
2026-01-31 09:14:29 [ERROR] ERROR req.csrfToken is not a function
{
  "context": {
    "context": "server_error",
    "ip": "::1",
    "url": "/api/csrf-token"
  },
  "userId": null
}
2026-01-31 09:14:30 [ERROR] ERROR req.csrfToken is not a function
{
  "context": {
    "context": "server_error",
    "ip": "::1",
    "url": "/api/csrf-token"
  },
  "userId": null
}
2026-01-31 09:14:31 [ERROR] ERROR req.csrfToken is not a function
{
  "context": {
    "context": "server_error",
    "ip": "::1",
    "url": "/api/csrf-token"
  },
  "userId": null
}
2026-01-31 09:14:31 [ERROR] ERROR req.csrfToken is not a function
{
  "context": {
    "context": "server_error",
    "ip": "::1",
    "url": "/api/csrf-token"
  },
  "userId": null
}
2026-01-31 09:14:31 [ERROR] ERROR req.csrfToken is not a function
{
  "context": {
    "context": "server_error",
    "ip": "::1",
    "url": "/api/csrf-token"
  },
  "userId": null
}
2026-01-31 09:35:01 [ERROR] ERROR Unexpected end of form
{
  "context": {
    "context": "server_error",
    "ip": "::1",
    "url": "/api/admin/send-proof"
  },
  "userId": null
}
2026-01-31 09:44:12 [ERROR] ERROR Unexpected end of form
{
  "context": {
    "context": "server_error",
    "ip": "::1",
    "url": "/api/admin/send-proof"
  },
  "userId": null
}
2026-01-31 09:47:40 [ERROR] ERROR Unexpected end of form
{
  "context": {
    "context": "server_error",
    "ip": "::1",
    "url": "/api/admin/send-proof"
  },
  "userId": null
}
2026-01-31 09:52:30 [ERROR] ERROR Unexpected end of form
{
  "context": {
    "context": "server_error",
    "ip": "::1",
    "url": "/api/admin/send-proof"
  },
  "userId": null
}
2026-01-31 09:52:49 [ERROR] ERROR Unexpected end of form
{
  "context": {
    "context": "server_error",
    "ip": "::1",
    "url": "/api/admin/send-proof"
  },
  "userId": null
}
2026-01-31 10:50:40 [ERROR] ERROR Unexpected end of form
{
  "context": {
    "context": "server_error",
    "ip": "::1",
    "url": "/api/auth/register"
  },
  "userId": null
}
2026-01-31 10:51:02 [ERROR] ERROR Unexpected end of form
{
  "context": {
    "context": "server_error",
    "ip": "::1",
    "url": "/api/auth/register"
  },
  "userId": null
}
2026-02-12 10:09:20 [ERROR] ERROR DemandeAgenceV2 validation failed: receveur: Path `receveur` is required.
{
  "context": {
    "context": "createDemandeAgence",
    "userId": "6946d19b5ceea999b8715c14"
  },
  "userId": null
}
2026-02-12 10:12:07 [ERROR] ERROR receveur is not defined
{
  "context": {
    "context": "createDemandeAgence",
    "userId": "6946d19b5ceea999b8715c14"
  },
  "userId": null
}
2026-02-12 11:11:02 [ERROR] ERROR Unexpected end of form
{
  "context": {
    "context": "server_error",
    "ip": "::1",
    "url": "/api/auth/register"
  },
  "userId": null
}
2026-02-12 11:19:28 [ERROR] ERROR Unexpected end of form
{
  "context": {
    "context": "server_error",
    "ip": "::1",
    "url": "/api/auth/register"
  },
  "userId": null
}
2026-02-12 11:24:53 [ERROR] ERROR Unexpected end of form
{
  "context": {
    "context": "server_error",
    "ip": "::1",
    "url": "/api/auth/register"
  },
  "userId": null
}
2026-02-12 11:35:53 [ERROR] ERROR Unexpected end of form
{
  "context": {
    "context": "server_error",
    "ip": "::1",
    "url": "/api/auth/register"
  },
  "userId": null
}
2026-02-12 11:36:42 [ERROR] ERROR Unexpected end of form
{
  "context": {
    "context": "server_error",
    "ip": "::1",
    "url": "/api/auth/register"
  },
  "userId": null
}
2026-02-12 11:37:31 [ERROR] ERROR Unexpected end of form
{
  "context": {
    "context": "server_error",
    "ip": "::1",
    "url": "/api/auth/register"
  },
  "userId": null
}
2026-03-04 17:18:26 [ERROR] ERROR
{
  "context": {
    "message": "Socket 'secureConnect' timed out after 10004ms (connectTimeoutMS: 10000)",
    "stack": "MongoNetworkTimeoutError: Socket 'secureConnect' timed out after 10004ms (connectTimeoutMS: 10000)\n    at TLSSocket.<anonymous> (C:\\Users\\zougz\\Desktop\\AFRIXA\\node_modules\\mongodb\\lib\\cmap\\connect.js:288:20)\n    at Object.onceWrapper (node:events:622:28)\n    at TLSSocket.emit (node:events:508:28)\n    at Socket._onTimeout (node:net:604:8)\n    at listOnTimeout (node:internal/timers:605:17)\n    at process.processTimers (node:internal/timers:541:7)"
  },
  "userId": null
}
2026-03-04 18:00:00 [ERROR] ERROR
{
  "context": {
    "message": "Could not connect to any servers in your MongoDB Atlas cluster. One common reason is that you're trying to access the database from an IP that isn't whitelisted. Make sure your current IP address is on your Atlas cluster's IP whitelist: https://www.mongodb.com/docs/atlas/security-whitelist/",
    "stack": "MongooseServerSelectionError: Could not connect to any servers in your MongoDB Atlas cluster. One common reason is that you're trying to access the database from an IP that isn't whitelisted. Make sure your current IP address is on your Atlas cluster's IP whitelist: https://www.mongodb.com/docs/atlas/security-whitelist/\n    at _handleConnectionErrors (C:\\Users\\zougz\\Desktop\\AFRIXA\\node_modules\\mongoose\\lib\\connection.js:1169:11)\n    at NativeConnection.openUri (C:\\Users\\zougz\\Desktop\\AFRIXA\\node_modules\\mongoose\\lib\\connection.js:1100:11)\n    at async MongoConnection (C:\\Users\\zougz\\Desktop\\AFRIXA\\Backend\\DataBase\\MongoConnection.js:8:9)\n    at async C:\\Users\\zougz\\Desktop\\AFRIXA\\server.js:28:5"
  },
  "userId": null
}
2026-03-06 16:22:15 [ERROR] ERROR connection <monitor> to 159.41.89.35:27017 closed
{
  "context": {
    "context": "getAllUsers",
    "userId": "698db1a6a5941047994043ad"
  },
  "userId": null
}
2026-03-06 16:22:21 [ERROR] ERROR Socket 'secureConnect' timed out after 10127ms (connectTimeoutMS: 10000)
{
  "context": {
    "context": "adminGetAllAgenceRatings",
    "userId": "698db1a6a5941047994043ad"
  },
  "userId": null
}
2026-03-06 16:22:25 [ERROR] ERROR Socket 'secureConnect' timed out after 10127ms (connectTimeoutMS: 10000)
{
  "context": {
    "context": "adminListDemandes",
    "userId": "698db1a6a5941047994043ad"
  },
  "userId": null
}
2026-03-11 12:00:33 [ERROR] ERROR generateEmailTemplate is not defined
{
  "context": {
    "context": "forgotPassword",
    "email": "gradiipi@gmail.com"
  },
  "userId": null
}
2026-03-11 12:06:43 [ERROR] ERROR generateEmailTemplate is not defined
{
  "context": {
    "context": "forgotPassword",
    "email": "zougzed@gmail.com"
  },
  "userId": null
}
2026-03-11 12:10:17 [ERROR] ERROR sendEmailToClient is not a function
{
  "context": {
    "context": "forgotPassword",
    "email": "zougzed@gmail.com"
  },
  "userId": null
}
2026-03-11 12:10:41 [ERROR] ERROR sendEmailToClient is not a function
{
  "context": {
    "context": "forgotPassword",
    "email": "zougzed@gmail.com"
  },
  "userId": null
}
